<?xml version="1.0" encoding="UTF-8"?>
<!-- Generated by org.testng.reporters.JUnitReportReporter -->
<testsuite hostname="KE-C7MT533" failures="0" tests="2" name="seleniummaven.ExtentReportsDemoWithTestNG" time="1.789" errors="0" timestamp="2022-03-20T09:29:20 EAT" skipped="0">
  <testcase classname="seleniummaven.ExtentReportsDemoWithTestNG" name="test2" time="0.011"/>
  <system-out/>
  <testcase classname="seleniummaven.ExtentReportsDemoWithTestNG" name="test" time="1.778"/>
  <system-out/>
</testsuite> <!-- seleniummaven.ExtentReportsDemoWithTestNG -->
