<?xml version="1.0" encoding="UTF-8"?>
<!-- Generated by org.testng.reporters.JUnitReportReporter -->
<testsuite hostname="KE-C7MT533" failures="0" tests="2" name="seleniummaven.ExtentReportsDemoWithTestNG" time="4.173" errors="0" timestamp="2022-03-26T10:59:48 EAT" skipped="0">
  <testcase classname="seleniummaven.ExtentReportsDemoWithTestNG" name="test" time="4.168"/>
  <system-out/>
  <testcase classname="seleniummaven.ExtentReportsDemoWithTestNG" name="test2" time="0.005"/>
  <system-out/>
</testsuite> <!-- seleniummaven.ExtentReportsDemoWithTestNG -->
