<?xml version="1.0" encoding="UTF-8"?>
<!-- Generated by org.testng.reporters.JUnitReportReporter -->
<testsuite hostname="KE-C7MT533" failures="0" tests="1" name="seleniummaven.TestngDemo" time="22.061" errors="0" timestamp="2022-03-26T13:12:56 EAT" skipped="0">
  <testcase classname="seleniummaven.TestngDemo" name="EnterEmail" time="22.061"/>
  <system-out/>
</testsuite> <!-- seleniummaven.TestngDemo -->
