<?xml version="1.0" encoding="UTF-8"?>
<!-- Generated by org.testng.reporters.JUnitReportReporter -->
<testsuite hostname="KE-C7MT533" failures="0" tests="1" name="seleniummaven.TestngDemo" time="3.794" errors="0" timestamp="2022-06-21T14:33:34 EAT" skipped="0">
  <testcase classname="seleniummaven.TestngDemo" name="EnterEmail" time="3.794"/>
  <system-out/>
</testsuite> <!-- seleniummaven.TestngDemo -->
