<?xml version="1.0" encoding="UTF-8"?>
<!-- Generated by org.testng.reporters.JUnitReportReporter -->
<testsuite hostname="KE-C7MT533" failures="0" tests="1" name="seleniummaven.TestngDemo2" time="7.057" errors="0" timestamp="2022-04-28T21:14:28 EAT" skipped="0">
  <testcase classname="seleniummaven.TestngDemo2" name="EnterEmail" time="7.057"/>
  <system-out/>
</testsuite> <!-- seleniummaven.TestngDemo2 -->
